<?xml version="1.0" encoding="UTF-8"?>
<testng-results ignored="0" total="2" passed="2" failed="0" skipped="0">
  <reporter-output>
  </reporter-output>
  <suite started-at="2023-10-30T18:29:08 IST" name="Surefire suite" finished-at="2023-10-30T18:29:09 IST" duration-ms="81">
    <groups>
    </groups>
    <test started-at="2023-10-30T18:29:08 IST" name="Surefire test" finished-at="2023-10-30T18:29:09 IST" duration-ms="81">
      <class name="UserValidatorTest">
        <test-method signature="testInvalidUser()[pri:0, instance:UserValidatorTest@5ea434c8]" started-at="2023-10-30T18:29:08 IST" name="testInvalidUser" finished-at="2023-10-30T18:29:08 IST" duration-ms="24" status="PASS">
          <reporter-output>
          </reporter-output>
        </test-method> <!-- testInvalidUser -->
        <test-method signature="testValidUser()[pri:0, instance:UserValidatorTest@5ea434c8]" started-at="2023-10-30T18:29:08 IST" name="testValidUser" finished-at="2023-10-30T18:29:09 IST" duration-ms="1" status="PASS">
          <reporter-output>
          </reporter-output>
        </test-method> <!-- testValidUser -->
      </class> <!-- UserValidatorTest -->
    </test> <!-- Surefire test -->
  </suite> <!-- Surefire suite -->
</testng-results>
